<?xml version="1.0" encoding="UTF-8"?>
<!-- Generated by org.testng.reporters.JUnitReportReporter -->
<testsuite hostname="DESKTOP-0UA7K6R" failures="0" tests="1" name="Test.NewTest" time="0.005" errors="0" timestamp="2020-12-28T19:26:54 IST" skipped="0">
  <testcase classname="Test.NewTest" name="f" time="0.005"/>
  <system-out/>
</testsuite> <!-- Test.NewTest -->
