<?xml version="1.0" encoding="UTF-8"?>
<!-- Generated by org.testng.reporters.JUnitReportReporter -->
<testsuite hostname="DESKTOP-0UA7K6R" failures="0" tests="2" name="Test.CarLoanLogin" time="0.038" errors="0" timestamp="2021-02-21T12:11:12 IST" skipped="1">
  <testcase classname="Test.CarLoanLogin" name="mobileCarLogin" time="0.038"/>
  <system-out/>
  <testcase classname="Test.CarLoanLogin" name="webCarLogin">
    <skipped/>
  </testcase> <!-- webCarLogin -->
  <system-out/>
</testsuite> <!-- Test.CarLoanLogin -->
