<?xml version="1.0" encoding="UTF-8"?>
<!-- Generated by org.testng.reporters.JUnitReportReporter -->
<testsuite hostname="DESKTOP-0UA7K6R" failures="0" tests="1" name="Test.DemoTest" time="0.009" errors="0" timestamp="2021-02-21T12:11:12 IST" skipped="0">
  <testcase classname="Test.DemoTest" name="Test2" time="0.009"/>
  <system-out/>
</testsuite> <!-- Test.DemoTest -->
