<?xml version="1.0" encoding="UTF-8"?>
<!-- Generated by org.testng.reporters.JUnitReportReporter -->
<testsuite hostname="DESKTOP-0UA7K6R" failures="0" tests="1" name="Test.HomeLoanLogin" time="0.014" errors="0" timestamp="2021-02-21T12:11:12 IST" skipped="0">
  <testcase classname="Test.HomeLoanLogin" name="APIHomeLogin" time="0.014"/>
  <system-out/>
</testsuite> <!-- Test.HomeLoanLogin -->
