<?xml version="1.0" encoding="UTF-8"?>
<!-- Generated by org.testng.reporters.JUnitReportReporter -->
<testsuite hostname="DESKTOP-0UA7K6R" failures="0" tests="1" name="middhaAcademy.ExtendReports.ExtentReportsDemo" time="29.097" errors="0" timestamp="2021-03-01T23:01:19 IST" skipped="0">
  <testcase classname="middhaAcademy.ExtendReports.ExtentReportsDemo" name="InitialDemo" time="29.097"/>
  <system-out/>
</testsuite> <!-- middhaAcademy.ExtendReports.ExtentReportsDemo -->
