<?xml version="1.0" encoding="UTF-8"?>
<!-- Generated by org.testng.reporters.JUnitReportReporter -->
<testsuite hostname="Rahul_Personal_Laptop" failures="0" tests="3" name="MainProject.E2EProject.Homepage" time="6.376" errors="0" timestamp="2021-03-28T14:21:55 IST" skipped="0">
  <testcase classname="MainProject.E2EProject.Homepage" name="loginTest" time="2.180"/>
  <system-out/>
  <testcase classname="MainProject.E2EProject.Homepage" name="loginTest" time="2.073"/>
  <system-out/>
  <testcase classname="MainProject.E2EProject.Homepage" name="loginTest" time="2.123"/>
  <system-out/>
</testsuite> <!-- MainProject.E2EProject.Homepage -->
