<?xml version="1.0" encoding="UTF-8"?>
<!-- Generated by org.testng.reporters.JUnitReportReporter -->
<testsuite skipped="0" hostname="DESKTOP-0UA7K6R" name="middha_academy.MavenJava.ApiTest" tests="2" failures="0" timestamp="2021-03-03T15:06:09 IST" time="0.010" errors="0">
  <testcase name="apiPush" time="0.000" classname="middha_academy.MavenJava.ApiTest"/>
  <system-out/>
  <testcase name="apiGet" time="0.010" classname="middha_academy.MavenJava.ApiTest"/>
  <system-out/>
</testsuite> <!-- middha_academy.MavenJava.ApiTest -->
