<?xml version="1.0" encoding="UTF-8"?>
<!-- Generated by org.testng.reporters.JUnitReportReporter -->
<testsuite skipped="0" hostname="DESKTOP-0UA7K6R" name="middha_academy.MavenJava.WebSeleniumTest" tests="2" failures="0" timestamp="2021-03-03T15:06:09 IST" time="0.001" errors="0">
  <testcase name="webLogin" time="0.001" classname="middha_academy.MavenJava.WebSeleniumTest"/>
  <system-out/>
  <testcase name="webLogout" time="0.000" classname="middha_academy.MavenJava.WebSeleniumTest"/>
  <system-out/>
</testsuite> <!-- middha_academy.MavenJava.WebSeleniumTest -->
