<?xml version="1.0" encoding="UTF-8"?>
<!-- Generated by org.testng.reporters.JUnitReportReporter -->
<testsuite hostname="DESKTOP-0UA7K6R" failures="0" tests="1" name="TestCases.PageObjectDemo" time="16.966" errors="0" timestamp="2021-03-03T13:07:17 IST" skipped="0">
  <testcase classname="TestCases.PageObjectDemo" name="LoginPage" time="16.966"/>
  <system-out/>
</testsuite> <!-- TestCases.PageObjectDemo -->
